error: task local resource "l2" is used by multiple tasks
  --> $DIR/local-cfg-task-local.rs:24:9
   |
24 |         l2: u32,
   |         ^^

error: task local resource "l2" is used by task "uart0" with priority 1
  --> $DIR/local-cfg-task-local.rs:50:39
   |
50 |         #[cfg(feature = "feature_l2")]l2,
   |                                       ^^

error: task local resource "l2" is used by task "uart1" with priority 1
  --> $DIR/local-cfg-task-local.rs:59:44
   |
59 |         #[cfg(not(feature = "feature_l2"))]l2
   |                                            ^^

warning: unused import: `cortex_m_semihosting::debug`
 --> $DIR/local-cfg-task-local.rs:8:5
  |
8 | use cortex_m_semihosting::debug;
  |     ^^^^^^^^^^^^^^^^^^^^^^^^^^^
  |
  = note: `#[warn(unused_imports)]` on by default

warning: unused import: `cortex_m_semihosting::hprintln`
 --> $DIR/local-cfg-task-local.rs:9:5
  |
9 | use cortex_m_semihosting::hprintln;
  |     ^^^^^^^^^^^^^^^^^^^^^^^^^^^^^^

warning: unused import: `lm3s6965::Interrupt`
  --> $DIR/local-cfg-task-local.rs:10:5
   |
10 | use lm3s6965::Interrupt;
   |     ^^^^^^^^^^^^^^^^^^^
