error: task local resource "l" is used by multiple tasks
  --> $DIR/task-local-err.rs:15:9
   |
15 |         l: u32,
   |         ^

error: task local resource "l" is used by task "idle" with priority 0
  --> $DIR/task-local-err.rs:24:24
   |
24 |     #[idle(resources =[l])]
   |                        ^

error: task local resource "l" is used by task "uart1" with priority 1
  --> $DIR/task-local-err.rs:32:54
   |
32 |     #[task(priority = 1, binds = UART1, resources = [l])]
   |                                                      ^

error: unused imports: `debug`, `hprintln`
 --> $DIR/task-local-err.rs:7:28
  |
7 | use cortex_m_semihosting::{debug, hprintln};
  |                            ^^^^^  ^^^^^^^^
  |
note: the lint level is defined here
 --> $DIR/task-local-err.rs:3:9
  |
3 | #![deny(warnings)]
  |         ^^^^^^^^
  = note: `#[deny(unused_imports)]` implied by `#[deny(warnings)]`
